Invalid character (&) encountered while parsing (tag "CFSET" with attributes Request._title=Request._title). 
Invalid character (&) encountered while parsing (tag "CFSET" with attributes Request._title=Request._title). 
End of file encountered while parsing comment. 
End of file encountered while parsing comment. 
End of file encountered while parsing comment. 
End of file encountered while parsing comment. 
End of file encountered while parsing comment. 
End of file encountered while parsing comment. 
End of file encountered while parsing comment. 
End of file encountered while parsing comment. 
End of file encountered while parsing comment. 
End of file encountered while parsing comment. 
End of file encountered while parsing comment. 
End of file encountered while parsing comment. 
End of file encountered while parsing comment. 
Invalid character (&) encountered while parsing (tag "CFSET" with attributes Request.and_splashscreen_inhibitor=&). 
End of file encountered while parsing comment. 
End of file encountered while parsing comment. 
End of file encountered while parsing comment. 
End of file encountered while parsing comment. 
End of file encountered while parsing comment. 
End of file encountered while parsing comment. 
Invalid character (&) encountered while parsing (tag "CFSET" with attributes Request.splashscreen_inhibitor=Request.varname_splashscreen_inhibitor). 
Invalid character (&) encountered while parsing (tag "CFSET" with attributes Request._title=Request._title). 
Invalid number "0" encountered while parsing (tag "CFIF" with attributes (Len(submit)=). 
Invalid number "0" encountered while parsing (tag "CFIF" with attributes (Len(submit)=). 
Invalid character (,) encountered while parsing (tag "CFIF" with attributes). 
Invalid character (,) encountered while parsing (tag "CFIF" with attributes). 
Invalid quoted string '?' encountered while parsing (tag "CFIF" with attributes). 
Invalid quoted string '?' encountered while parsing (tag "CFIF" with attributes). 
