End of file encountered while parsing comment. 
End of file encountered while parsing comment. 
End of file encountered while parsing comment. 
End of file encountered while parsing comment. 
End of file encountered while parsing comment. 
End of file encountered while parsing comment. 
End of file encountered while parsing comment. 
End of file encountered while parsing comment. 
End of file encountered while parsing comment. 
End of file encountered while parsing comment. 
End of file encountered while parsing comment. 
End of file encountered while parsing comment. 
End of file encountered while parsing comment. 
End of file encountered while parsing comment. 
End of file encountered while parsing comment. 
End of file encountered while parsing comment. 
End of file encountered while parsing comment. 
End of file encountered while parsing comment. 
End of file encountered while parsing comment. 
Invalid equal sign (=) encountered while parsing (tag "CFSET" with attributes). 
End of file encountered while parsing comment. 
End of file encountered while parsing comment. 
End of file encountered while parsing comment. 
End of file encountered while parsing comment. 
End of file encountered while parsing comment. 
Invalid quoted string 'http://#CGI.SERVER_NAME#' encountered while parsing (tag "CFSET" with attributes _url=Request.commonCode._clusterizeURLForSessionOnly(Request.commonCode.clusterizeURL(). 
Invalid quoted string 'http://#CGI.SERVER_NAME#' encountered while parsing (tag "CFSET" with attributes _url=Request.commonCode._clusterizeURLForSessionOnly(Request.commonCode.clusterizeURL(). 
Invalid quoted string 'forgotPassword' encountered while parsing (tag "CFIF" with attributes (mode=). 
Invalid quoted string 'forgotPassword' encountered while parsing (tag "CFIF" with attributes (mode=). 
Invalid quoted string 'forgotPassword' encountered while parsing (tag "CFIF" with attributes (= (MODE=). 
Invalid quoted string 'Session.persistData.loginFailure' encountered while parsing (tag "CFIF" with attributes). 
Invalid quoted string 'Session.persistData.loginFailure' encountered while parsing (tag "CFIF" with attributes). 
Invalid quoted string 'Session.persistData.loginFailure' encountered while parsing (tag "CFIF" with attributes (=). 
End of file encountered while parsing comment. 
End of file encountered while parsing comment. 
End of file encountered while parsing comment. 
End of file encountered while parsing comment. 
End of file encountered while parsing comment. 
End of file encountered while parsing comment. 
End of file encountered while parsing (tag "CFINCLUDE" with attributes template=>). 
End of file encountered while parsing (tag "CFINCLUDE" with attributes template=>). 
Invalid quoted string 'http://#CGI.SERVER_NAME#' encountered while parsing (tag "CFSET" with attributes _url=Request.commonCode._clusterizeURLForSessionOnly(Request.commonCode.clusterizeURL(). 
Invalid quoted string 'http://#CGI.SERVER_NAME#' encountered while parsing (tag "CFSET" with attributes _url=Request.commonCode._clusterizeURLForSessionOnly(Request.commonCode.clusterizeURL(). 
Invalid quoted string 'http://#CGI.SERVER_NAME#' encountered while parsing (tag "CFSET" with attributes _url=Request.commonCode._clusterizeURLForSessionOnly(Request.commonCode.clusterizeURL(). 
Invalid quoted string 'http://#CGI.SERVER_NAME#' encountered while parsing (tag "CFSET" with attributes _url=Request.commonCode._clusterizeURLForSessionOnly(Request.commonCode.clusterizeURL(). 
Invalid quoted string 'http://#CGI.SERVER_NAME#' encountered while parsing (tag "CFSET" with attributes _url=Request.commonCode._clusterizeURLForSessionOnly(Request.commonCode.clusterizeURL(). 
Invalid quoted string 'http://#CGI.SERVER_NAME#' encountered while parsing (tag "CFSET" with attributes _url=Request.commonCode._clusterizeURLForSessionOnly(Request.commonCode.clusterizeURL(). 
